# JRE version: Java(TM) SE Runtime Environment (8.0_45-b15) (build 1.8.0_45-b15)
# Java VM: Java HotSpot(TM) 64-Bit Server VM (25.45-b02 mixed mode windows-amd64 compressed oops)
Heap:
 PSYoungGen      total 40448K, used 8336K [0x00000000eaf80000, 0x00000000eed80000, 0x0000000100000000)
  eden space 32768K, 14% used [0x00000000eaf80000,0x00000000eb409860,0x00000000ecf80000)
  from space 7680K, 48% used [0x00000000ed700000,0x00000000eda9aa08,0x00000000ede80000)
  to   space 7680K, 0% used [0x00000000ecf80000,0x00000000ecf80000,0x00000000ed700000)
 ParOldGen       total 35328K, used 9191K [0x00000000c0e00000, 0x00000000c3080000, 0x00000000eaf80000)
  object space 35328K, 26% used [0x00000000c0e00000,0x00000000c16f9c30,0x00000000c3080000)
 Metaspace       used 25273K, capacity 25582K, committed 25856K, reserved 1071104K
  class space    used 3437K, capacity 3505K, committed 3584K, reserved 1048576K
GC Heap History (10 events):
Event: 3.621 GC heap before
{Heap before GC invocations=5 (full 0):
 PSYoungGen      total 18944K, used 18941K [0x00000000eaf80000, 0x00000000ed480000, 0x0000000100000000)
  eden space 16384K, 100% used [0x00000000eaf80000,0x00000000ebf80000,0x00000000ebf80000)
  from space 2560K, 99% used [0x00000000ec200000,0x00000000ec47f428,0x00000000ec480000)
  to   space 2560K, 0% used [0x00000000ebf80000,0x00000000ebf80000,0x00000000ec200000)
 ParOldGen       total 44032K, used 3882K [0x00000000c0e00000, 0x00000000c3900000, 0x00000000eaf80000)
  object space 44032K, 8% used [0x00000000c0e00000,0x00000000c11ca8f0,0x00000000c3900000)
 Metaspace       used 14674K, capacity 14956K, committed 15232K, reserved 1062912K
  class space    used 2092K, capacity 2161K, committed 2176K, reserved 1048576K
Event: 3.630 GC heap after
Heap after GC invocations=5 (full 0):
 PSYoungGen      total 18944K, used 2533K [0x00000000eaf80000, 0x00000000edb80000, 0x0000000100000000)
  eden space 16384K, 0% used [0x00000000eaf80000,0x00000000eaf80000,0x00000000ebf80000)
  from space 2560K, 98% used [0x00000000ebf80000,0x00000000ec1f9418,0x00000000ec200000)
  to   space 6144K, 0% used [0x00000000ed580000,0x00000000ed580000,0x00000000edb80000)
 ParOldGen       total 44032K, used 5235K [0x00000000c0e00000, 0x00000000c3900000, 0x00000000eaf80000)
  object space 44032K, 11% used [0x00000000c0e00000,0x00000000c131cf50,0x00000000c3900000)
 Metaspace       used 14674K, capacity 14956K, committed 15232K, reserved 1062912K
  class space    used 2092K, capacity 2161K, committed 2176K, reserved 1048576K
}
Event: 4.956 GC heap before
{Heap before GC invocations=6 (full 0):
 PSYoungGen      total 18944K, used 18917K [0x00000000eaf80000, 0x00000000edb80000, 0x0000000100000000)
  eden space 16384K, 100% used [0x00000000eaf80000,0x00000000ebf80000,0x00000000ebf80000)
  from space 2560K, 98% used [0x00000000ebf80000,0x00000000ec1f9418,0x00000000ec200000)
  to   space 6144K, 0% used [0x00000000ed580000,0x00000000ed580000,0x00000000edb80000)
 ParOldGen       total 44032K, used 5235K [0x00000000c0e00000, 0x00000000c3900000, 0x00000000eaf80000)
  object space 44032K, 11% used [0x00000000c0e00000,0x00000000c131cf50,0x00000000c3900000)
 Metaspace       used 19106K, capacity 19374K, committed 19584K, reserved 1067008K
  class space    used 2639K, capacity 2675K, committed 2688K, reserved 1048576K
Event: 4.968 GC heap after
Heap after GC invocations=6 (full 0):
 PSYoungGen      total 22528K, used 6138K [0x00000000eaf80000, 0x00000000edb80000, 0x0000000100000000)
  eden space 16384K, 0% used [0x00000000eaf80000,0x00000000eaf80000,0x00000000ebf80000)
  from space 6144K, 99% used [0x00000000ed580000,0x00000000edb7e9d8,0x00000000edb80000)
  to   space 7168K, 0% used [0x00000000ecd80000,0x00000000ecd80000,0x00000000ed480000)
 ParOldGen       total 44032K, used 5594K [0x00000000c0e00000, 0x00000000c3900000, 0x00000000eaf80000)
  object space 44032K, 12% used [0x00000000c0e00000,0x00000000c13768d8,0x00000000c3900000)
 Metaspace       used 19106K, capacity 19374K, committed 19584K, reserved 1067008K
  class space    used 2639K, capacity 2675K, committed 2688K, reserved 1048576K
}
Event: 5.279 GC heap before
{Heap before GC invocations=7 (full 0):
 PSYoungGen      total 22528K, used 17564K [0x00000000eaf80000, 0x00000000edb80000, 0x0000000100000000)
  eden space 16384K, 69% used [0x00000000eaf80000,0x00000000ebaa8850,0x00000000ebf80000)
  from space 6144K, 99% used [0x00000000ed580000,0x00000000edb7e9d8,0x00000000edb80000)
  to   space 7168K, 0% used [0x00000000ecd80000,0x00000000ecd80000,0x00000000ed480000)
 ParOldGen       total 44032K, used 5594K [0x00000000c0e00000, 0x00000000c3900000, 0x00000000eaf80000)
  object space 44032K, 12% used [0x00000000c0e00000,0x00000000c13768d8,0x00000000c3900000)
 Metaspace       used 20954K, capacity 21166K, committed 21296K, reserved 1067008K
  class space    used 2886K, capacity 2931K, committed 2944K, reserved 1048576K
Event: 5.290 GC heap after
Heap after GC invocations=7 (full 0):
 PSYoungGen      total 37888K, used 5899K [0x00000000eaf80000, 0x00000000ede80000, 0x0000000100000000)
  eden space 30720K, 0% used [0x00000000eaf80000,0x00000000eaf80000,0x00000000ecd80000)
  from space 7168K, 82% used [0x00000000ecd80000,0x00000000ed342c90,0x00000000ed480000)
  to   space 7680K, 0% used [0x00000000ed700000,0x00000000ed700000,0x00000000ede80000)
 ParOldGen       total 44032K, used 6281K [0x00000000c0e00000, 0x00000000c3900000, 0x00000000eaf80000)
  object space 44032K, 14% used [0x00000000c0e00000,0x00000000c1422730,0x00000000c3900000)
 Metaspace       used 20954K, capacity 21166K, committed 21296K, reserved 1067008K
  class space    used 2886K, capacity 2931K, committed 2944K, reserved 1048576K
}
Event: 5.290 GC heap before
{Heap before GC invocations=8 (full 1):
 PSYoungGen      total 37888K, used 5899K [0x00000000eaf80000, 0x00000000ede80000, 0x0000000100000000)
  eden space 30720K, 0% used [0x00000000eaf80000,0x00000000eaf80000,0x00000000ecd80000)
  from space 7168K, 82% used [0x00000000ecd80000,0x00000000ed342c90,0x00000000ed480000)
  to   space 7680K, 0% used [0x00000000ed700000,0x00000000ed700000,0x00000000ede80000)
 ParOldGen       total 44032K, used 6281K [0x00000000c0e00000, 0x00000000c3900000, 0x00000000eaf80000)
  object space 44032K, 14% used [0x00000000c0e00000,0x00000000c1422730,0x00000000c3900000)
 Metaspace       used 20954K, capacity 21166K, committed 21296K, reserved 1067008K
  class space    used 2886K, capacity 2931K, committed 2944K, reserved 1048576K
Event: 5.352 GC heap after
Heap after GC invocations=8 (full 1):
 PSYoungGen      total 37888K, used 0K [0x00000000eaf80000, 0x00000000ede80000, 0x0000000100000000)
  eden space 30720K, 0% used [0x00000000eaf80000,0x00000000eaf80000,0x00000000ecd80000)
  from space 7168K, 0% used [0x00000000ecd80000,0x00000000ecd80000,0x00000000ed480000)
  to   space 7680K, 0% used [0x00000000ed700000,0x00000000ed700000,0x00000000ede80000)
 ParOldGen       total 35328K, used 9183K [0x00000000c0e00000, 0x00000000c3080000, 0x00000000eaf80000)
  object space 35328K, 25% used [0x00000000c0e00000,0x00000000c16f7c30,0x00000000c3080000)
 Metaspace       used 20954K, capacity 21166K, committed 21296K, reserved 1067008K
  class space    used 2886K, capacity 2931K, committed 2944K, reserved 1048576K
}
Event: 6.421 GC heap before
{Heap before GC invocations=9 (full 1):
 PSYoungGen      total 37888K, used 30720K [0x00000000eaf80000, 0x00000000ede80000, 0x0000000100000000)
  eden space 30720K, 100% used [0x00000000eaf80000,0x00000000ecd80000,0x00000000ecd80000)
  from space 7168K, 0% used [0x00000000ecd80000,0x00000000ecd80000,0x00000000ed480000)
  to   space 7680K, 0% used [0x00000000ed700000,0x00000000ed700000,0x00000000ede80000)
 ParOldGen       total 35328K, used 9183K [0x00000000c0e00000, 0x00000000c3080000, 0x00000000eaf80000)
  object space 35328K, 25% used [0x00000000c0e00000,0x00000000c16f7c30,0x00000000c3080000)
 Metaspace       used 24926K, capacity 25198K, committed 25472K, reserved 1071104K
  class space    used 3385K, capacity 3441K, committed 3456K, reserved 1048576K
Event: 6.436 GC heap after
Heap after GC invocations=9 (full 1):
 PSYoungGen      total 40448K, used 3690K [0x00000000eaf80000, 0x00000000eed80000, 0x0000000100000000)
  eden space 32768K, 0% used [0x00000000eaf80000,0x00000000eaf80000,0x00000000ecf80000)
  from space 7680K, 48% used [0x00000000ed700000,0x00000000eda9aa08,0x00000000ede80000)
  to   space 7680K, 0% used [0x00000000ecf80000,0x00000000ecf80000,0x00000000ed700000)
 ParOldGen       total 35328K, used 9191K [0x00000000c0e00000, 0x00000000c3080000, 0x00000000eaf80000)
  object space 35328K, 26% used [0x00000000c0e00000,0x00000000c16f9c30,0x00000000c3080000)
 Metaspace       used 24926K, capacity 25198K, committed 25472K, reserved 1071104K
  class space    used 3385K, capacity 3441K, committed 3456K, reserved 1048576K
}

